Warning: .env file not found at /app/.env
============================= test session starts ==============================
platform linux -- Python 3.11.13, pytest-8.4.2, pluggy-1.6.0
rootdir: /app
plugins: anyio-4.10.0
collected 171 items

tests/functional/services/test_transcription_service.py .....            [  2%]
tests/functional/test_transcription_management.py .....                  [  5%]
tests/functional/admin/test_admin_api.py .............                   [ 13%]
tests/functional/admin/test_admin_panel.py ...........                   [ 19%]
tests/functional/api/test_llm_api.py .........                           [ 25%]
tests/functional/api/test_transcriptions_api.py ...............          [ 33%]
tests/functional/routes/test_auth_routes.py .......                      [ 38%]
tests/functional/routes/test_user_routes.py ...........                  [ 44%]
tests/functional/services/test_admin_management_service.py ............. [ 52%]
....                                                                     [ 54%]
tests/functional/services/test_admin_metrics_service.py ........         [ 59%]
tests/functional/services/test_auth_service.py .......                   [ 63%]
tests/functional/services/test_email_service.py ....                     [ 65%]
tests/functional/services/test_llm_service.py .............              [ 73%]
tests/functional/services/test_user_service.py ........                  [ 77%]
tests/functional/services/test_workflow_service.py ...........           [ 84%]
tests/functional/workflow/test_workflow_api.py ..........                [ 90%]
tests/functional/workflow/test_workflow_integration.py ...               [ 91%]
tests/functional/workflow/test_workflow_management.py .........          [ 97%]
tests/unit/utils/test_title_utils.py .....                               [100%]

=============================== warnings summary ===============================
.local/lib/python3.11/site-packages/pydub/utils.py:14
  /app/.local/lib/python3.11/site-packages/pydub/utils.py:14: DeprecationWarning: 'audioop' is deprecated and slated for removal in Python 3.13
    import audioop

-- Docs: https://docs.pytest.org/en/stable/how-to/capture-warnings.html
================== 171 passed, 1 warning in 65.64s (0:01:05) ===================
